build/outputs/logs/manifest-merger-debug-report.txt
-- Merging decision tree log ---
manifest
ADDED from Downloads/VideoProject/AndroidManifest.xml:2:1-60:12
	package
		ADDED from Downloads/VideoProject/AndroidManifest.xml:3:5-37
	android:versionName
		ADDED from Downloads/VideoProject/AndroidManifest.xml:5:5-30
		INJECTED from Downloads/VideoProject/AndroidManifest.xml
		INJECTED from Downloads/VideoProject/AndroidManifest.xml
	android:versionCode
		ADDED from Downloads/VideoProject/AndroidManifest.xml:4:5-28
		INJECTED from Downloads/VideoProject/AndroidManifest.xml
		INJECTED from Downloads/VideoProject/AndroidManifest.xml
	xmlns:android
		ADDED from Downloads/VideoProject/AndroidManifest.xml:2:11-69
uses-permission#android.permission.INTERNET
ADDED from Downloads/VideoProject/AndroidManifest.xml:7:5-67
	android:name
		ADDED from Downloads/VideoProject/AndroidManifest.xml:7:22-64
uses-permission#android.permission.ACCESS_NETWORK_STATE
ADDED from Downloads/VideoProject/AndroidManifest.xml:8:5-79
	android:name
		ADDED from Downloads/VideoProject/AndroidManifest.xml:8:22-76
uses-permission#android.permission.WRITE_EXTERNAL_STORAGE
ADDED from Downloads/VideoProject/AndroidManifest.xml:9:5-81
	android:name
		ADDED from Downloads/VideoProject/AndroidManifest.xml:9:22-78
uses-permission#android.permission.CAMERA
ADDED from Downloads/VideoProject/AndroidManifest.xml:10:5-65
	android:name
		ADDED from Downloads/VideoProject/AndroidManifest.xml:10:22-62
uses-permission#android.permission.MOUNT_UNMOUNT_FILESYSTEMS
ADDED from Downloads/VideoProject/AndroidManifest.xml:11:5-84
	android:name
		ADDED from Downloads/VideoProject/AndroidManifest.xml:11:22-81
uses-permission#android.permission.READ_CONTACTS
ADDED from Downloads/VideoProject/AndroidManifest.xml:13:5-72
	android:name
		ADDED from Downloads/VideoProject/AndroidManifest.xml:13:22-69
uses-permission#android.permission.READ_PHONE_STATE
ADDED from Downloads/VideoProject/AndroidManifest.xml:14:2-72
	android:name
		ADDED from Downloads/VideoProject/AndroidManifest.xml:14:19-69
uses-permission#android.permission.ACCESS_WIFI_STATE
ADDED from Downloads/VideoProject/AndroidManifest.xml:17:2-73
	android:name
		ADDED from Downloads/VideoProject/AndroidManifest.xml:17:19-70
uses-permission#android.permission.RECEIVE_SMS
ADDED from Downloads/VideoProject/AndroidManifest.xml:19:2-67
	android:name
		ADDED from Downloads/VideoProject/AndroidManifest.xml:19:19-64
uses-permission#android.permission.GET_TASKS
ADDED from Downloads/VideoProject/AndroidManifest.xml:20:2-65
	android:name
		ADDED from Downloads/VideoProject/AndroidManifest.xml:20:19-62
uses-permission#android.permission.ACCESS_FINE_LOCATION
ADDED from Downloads/VideoProject/AndroidManifest.xml:21:2-76
	android:name
		ADDED from Downloads/VideoProject/AndroidManifest.xml:21:19-73
uses-sdk
ADDED from Downloads/VideoProject/AndroidManifest.xml:23:5-25:41
	android:targetSdkVersion
		ADDED from Downloads/VideoProject/AndroidManifest.xml:25:9-38
	android:minSdkVersion
		ADDED from Downloads/VideoProject/AndroidManifest.xml:24:9-34
application
ADDED from Downloads/VideoProject/AndroidManifest.xml:27:5-58:19
	android:label
		ADDED from Downloads/VideoProject/AndroidManifest.xml:30:9-41
	android:allowBackup
		ADDED from Downloads/VideoProject/AndroidManifest.xml:28:9-35
	android:icon
		ADDED from Downloads/VideoProject/AndroidManifest.xml:29:9-45
	android:theme
		ADDED from Downloads/VideoProject/AndroidManifest.xml:31:9-40
activity#com.video.videoproject.MainActivity
ADDED from Downloads/VideoProject/AndroidManifest.xml:32:9-40:20
	android:label
		ADDED from Downloads/VideoProject/AndroidManifest.xml:34:13-45
	android:name
		ADDED from Downloads/VideoProject/AndroidManifest.xml:33:13-63
intent-filter#android.intent.action.MAIN+android.intent.category.LAUNCHER
ADDED from Downloads/VideoProject/AndroidManifest.xml:35:13-39:29
action#android.intent.action.MAIN
ADDED from Downloads/VideoProject/AndroidManifest.xml:36:17-69
	android:name
		ADDED from Downloads/VideoProject/AndroidManifest.xml:36:25-66
category#android.intent.category.LAUNCHER
ADDED from Downloads/VideoProject/AndroidManifest.xml:38:17-77
	android:name
		ADDED from Downloads/VideoProject/AndroidManifest.xml:38:27-74
activity#cn.smssdk.SMSSDKUIShell
ADDED from Downloads/VideoProject/AndroidManifest.xml:42:10-46:70
	android:windowSoftInputMode
		ADDED from Downloads/VideoProject/AndroidManifest.xml:46:13-67
	android:configChanges
		ADDED from Downloads/VideoProject/AndroidManifest.xml:44:13-74
	android:theme
		ADDED from Downloads/VideoProject/AndroidManifest.xml:45:13-72
	android:name
		ADDED from Downloads/VideoProject/AndroidManifest.xml:43:13-51
activity#com.video.videoproject.register.RegisterActivity
ADDED from Downloads/VideoProject/AndroidManifest.xml:48:9-52:20
	android:screenOrientation
		ADDED from Downloads/VideoProject/AndroidManifest.xml:51:13-49
	android:label
		ADDED from Downloads/VideoProject/AndroidManifest.xml:50:13-45
	android:name
		ADDED from Downloads/VideoProject/AndroidManifest.xml:49:13-76
activity#com.video.videoproject.LoginActivity
ADDED from Downloads/VideoProject/AndroidManifest.xml:53:9-57:20
	android:screenOrientation
		ADDED from Downloads/VideoProject/AndroidManifest.xml:56:13-49
	android:label
		ADDED from Downloads/VideoProject/AndroidManifest.xml:55:13-45
	android:name
		ADDED from Downloads/VideoProject/AndroidManifest.xml:54:13-64